<?xml version="1.0" encoding="UTF-8"?>
<testsuite xmlns:xsi="http://www.w3.org/2001/XMLSchema-instance" xsi:noNamespaceSchemaLocation="https://maven.apache.org/surefire/maven-surefire-plugin/xsd/surefire-test-report-3.0.xsd" version="3.0" name="org.example.NumberUtilsTest" time="0.081" tests="17" errors="0" skipped="0" failures="0">
  <properties>
    <property name="sun.desktop" value="windows"/>
    <property name="awt.toolkit" value="sun.awt.windows.WToolkit"/>
    <property name="file.encoding.pkg" value="sun.io"/>
    <property name="java.specification.version" value="1.8"/>
    <property name="sun.cpu.isalist" value="amd64"/>
    <property name="sun.jnu.encoding" value="Cp1252"/>
    <property name="java.class.path" value="C:\Users\lmedi\IdeaProjects\Assignment1\target\test-classes;C:\Users\lmedi\IdeaProjects\Assignment1\target\classes;C:\Users\lmedi\.m2\repository\junit\junit\4.12\junit-4.12.jar;C:\Users\lmedi\.m2\repository\org\hamcrest\hamcrest-core\1.3\hamcrest-core-1.3.jar;C:\Users\lmedi\.m2\repository\org\assertj\assertj-core\3.27.2\assertj-core-3.27.2.jar;C:\Users\lmedi\.m2\repository\net\bytebuddy\byte-buddy\1.15.11\byte-buddy-1.15.11.jar;"/>
    <property name="java.vm.vendor" value="Amazon.com Inc."/>
    <property name="sun.arch.data.model" value="64"/>
    <property name="user.variant" value=""/>
    <property name="java.vendor.url" value="https://aws.amazon.com/corretto/"/>
    <property name="user.timezone" value="America/Chicago"/>
    <property name="java.vm.specification.version" value="1.8"/>
    <property name="os.name" value="Windows 11"/>
    <property name="user.country" value="US"/>
    <property name="sun.java.launcher" value="SUN_STANDARD"/>
    <property name="sun.boot.library.path" value="C:\Users\lmedi\.jdks\corretto-1.8.0_442\jre\bin"/>
    <property name="sun.java.command" value="C:\Users\lmedi\AppData\Local\Temp\surefire1694948792637314961\surefirebooter-20250217181256191_3.jar C:\Users\lmedi\AppData\Local\Temp\surefire1694948792637314961 2025-02-17T18-12-54_837-jvmRun1 surefire-20250217181256191_1tmp surefire_0-20250217181256191_2tmp"/>
    <property name="surefire.test.class.path" value="C:\Users\lmedi\IdeaProjects\Assignment1\target\test-classes;C:\Users\lmedi\IdeaProjects\Assignment1\target\classes;C:\Users\lmedi\.m2\repository\junit\junit\4.12\junit-4.12.jar;C:\Users\lmedi\.m2\repository\org\hamcrest\hamcrest-core\1.3\hamcrest-core-1.3.jar;C:\Users\lmedi\.m2\repository\org\assertj\assertj-core\3.27.2\assertj-core-3.27.2.jar;C:\Users\lmedi\.m2\repository\net\bytebuddy\byte-buddy\1.15.11\byte-buddy-1.15.11.jar;"/>
    <property name="sun.cpu.endian" value="little"/>
    <property name="user.home" value="C:\Users\lmedi"/>
    <property name="user.language" value="en"/>
    <property name="java.specification.vendor" value="Oracle Corporation"/>
    <property name="java.home" value="C:\Users\lmedi\.jdks\corretto-1.8.0_442\jre"/>
    <property name="basedir" value="C:\Users\lmedi\IdeaProjects\Assignment1"/>
    <property name="file.separator" value="\"/>
    <property name="line.separator" value="&#10;"/>
    <property name="java.vm.specification.vendor" value="Oracle Corporation"/>
    <property name="java.specification.name" value="Java Platform API Specification"/>
    <property name="java.awt.graphicsenv" value="sun.awt.Win32GraphicsEnvironment"/>
    <property name="surefire.real.class.path" value="C:\Users\lmedi\AppData\Local\Temp\surefire1694948792637314961\surefirebooter-20250217181256191_3.jar;C:\\Users\\lmedi\\.m2\\repository\\org\\jacoco\\org.jacoco.agent\\0.8.12\\org.jacoco.agent-0.8.12-runtime.jar"/>
    <property name="sun.boot.class.path" value="C:\Users\lmedi\.jdks\corretto-1.8.0_442\jre\lib\resources.jar;C:\Users\lmedi\.jdks\corretto-1.8.0_442\jre\lib\rt.jar;C:\Users\lmedi\.jdks\corretto-1.8.0_442\jre\lib\sunrsasign.jar;C:\Users\lmedi\.jdks\corretto-1.8.0_442\jre\lib\jsse.jar;C:\Users\lmedi\.jdks\corretto-1.8.0_442\jre\lib\jce.jar;C:\Users\lmedi\.jdks\corretto-1.8.0_442\jre\lib\charsets.jar;C:\Users\lmedi\.jdks\corretto-1.8.0_442\jre\lib\jfr.jar;C:\Users\lmedi\.jdks\corretto-1.8.0_442\jre\classes"/>
    <property name="user.script" value=""/>
    <property name="sun.management.compiler" value="HotSpot 64-Bit Tiered Compilers"/>
    <property name="java.runtime.version" value="1.8.0_442-b06"/>
    <property name="user.name" value="lmedi"/>
    <property name="path.separator" value=";"/>
    <property name="os.version" value="10.0"/>
    <property name="java.endorsed.dirs" value="C:\Users\lmedi\.jdks\corretto-1.8.0_442\jre\lib\endorsed"/>
    <property name="java.runtime.name" value="OpenJDK Runtime Environment"/>
    <property name="file.encoding" value="Cp1252"/>
    <property name="java.vm.name" value="OpenJDK 64-Bit Server VM"/>
    <property name="localRepository" value="C:\Users\lmedi\.m2\repository"/>
    <property name="java.vendor.url.bug" value="https://github.com/corretto/corretto-8/issues/"/>
    <property name="java.io.tmpdir" value="C:\Users\lmedi\AppData\Local\Temp\"/>
    <property name="idea.version" value="2024.3.1.1"/>
    <property name="java.version" value="1.8.0_442"/>
    <property name="user.dir" value="C:\Users\lmedi\IdeaProjects\Assignment1"/>
    <property name="os.arch" value="amd64"/>
    <property name="java.vm.specification.name" value="Java Virtual Machine Specification"/>
    <property name="java.awt.printerjob" value="sun.awt.windows.WPrinterJob"/>
    <property name="sun.os.patch.level" value=""/>
    <property name="java.library.path" value="C:\Users\lmedi\.jdks\corretto-1.8.0_442\jre\bin;C:\WINDOWS\Sun\Java\bin;C:\WINDOWS\system32;C:\WINDOWS;C:\Program Files\Amazon Corretto\jdk17.0.14_7\bin;C:\WINDOWS\system32;C:\WINDOWS;C:\WINDOWS\System32\Wbem;C:\WINDOWS\System32\WindowsPowerShell\v1.0\;C:\WINDOWS\System32\OpenSSH\;C:\Program Files (x86)\PharosSystems\Core;C:\Program Files\dotnet\;C:\Program Files\HP\HP One Agent;C:\WINDOWS\system32;C:\WINDOWS;C:\WINDOWS\System32\Wbem;C:\WINDOWS\System32\WindowsPowerShell\v1.0\;C:\WINDOWS\System32\OpenSSH\;C:\Program Files\Git\cmd;C:\Users\lmedi\AppData\Local\Microsoft\WindowsApps;;C:\Users\lmedi\AppData\Local\Programs\Microsoft VS Code\bin;."/>
    <property name="java.vm.info" value="mixed mode"/>
    <property name="java.vendor" value="Amazon.com Inc."/>
    <property name="java.vm.version" value="25.442-b06"/>
    <property name="java.specification.maintenance.version" value="6"/>
    <property name="java.ext.dirs" value="C:\Users\lmedi\.jdks\corretto-1.8.0_442\jre\lib\ext;C:\WINDOWS\Sun\Java\lib\ext"/>
    <property name="sun.io.unicode.encoding" value="UnicodeLittle"/>
    <property name="java.class.version" value="52.0"/>
  </properties>
  <testcase name="testEmptyInputLeft" classname="org.example.NumberUtilsTest" time="0.006"/>
  <testcase name="testEmptyInputRight" classname="org.example.NumberUtilsTest" time="0.0"/>
  <testcase name="testLeadingZeroRemoval" classname="org.example.NumberUtilsTest" time="0.0"/>
  <testcase name="testNullInputRight" classname="org.example.NumberUtilsTest" time="0.0"/>
  <testcase name="testLeftDigitNegative" classname="org.example.NumberUtilsTest" time="0.0"/>
  <testcase name="testExplicitZeroWithEmpty" classname="org.example.NumberUtilsTest" time="0.0"/>
  <testcase name="testRightDigitNegative" classname="org.example.NumberUtilsTest" time="0.0"/>
  <testcase name="testCarryCondition" classname="org.example.NumberUtilsTest" time="0.0"/>
  <testcase name="testInvalidInputLeft" classname="org.example.NumberUtilsTest" time="0.0"/>
  <testcase name="testAllValidDigits" classname="org.example.NumberUtilsTest" time="0.0"/>
  <testcase name="testInvalidDigitInInputs" classname="org.example.NumberUtilsTest" time="0.0"/>
  <testcase name="testNullInputBoth" classname="org.example.NumberUtilsTest" time="0.0"/>
  <testcase name="testNullInputLeft" classname="org.example.NumberUtilsTest" time="0.001"/>
  <testcase name="testInvalidInputRight" classname="org.example.NumberUtilsTest" time="0.0"/>
  <testcase name="testLeftDigitTooLarge" classname="org.example.NumberUtilsTest" time="0.0"/>
  <testcase name="testValidInputs" classname="org.example.NumberUtilsTest" time="0.0"/>
  <testcase name="testRightDigitTooLarge" classname="org.example.NumberUtilsTest" time="0.0"/>
</testsuite>